2024-02-06 00:36:08,846:WARNING:
'cuml' is a soft dependency and not included in the pycaret installation. Please run: `pip install cuml` to install.
2024-02-06 00:36:08,846:WARNING:
'cuml' is a soft dependency and not included in the pycaret installation. Please run: `pip install cuml` to install.
2024-02-06 00:36:08,847:WARNING:
'cuml' is a soft dependency and not included in the pycaret installation. Please run: `pip install cuml` to install.
2024-02-06 00:36:08,847:WARNING:
'cuml' is a soft dependency and not included in the pycaret installation. Please run: `pip install cuml` to install.
2024-02-06 00:36:21,761:INFO:PyCaret ClusteringExperiment
2024-02-06 00:36:21,761:INFO:Logging name: cluster-default-name
2024-02-06 00:36:21,815:INFO:ML Usecase: MLUsecase.CLUSTERING
2024-02-06 00:36:21,816:INFO:version 3.2.0
2024-02-06 00:36:21,816:INFO:Initializing setup()
2024-02-06 00:36:21,816:INFO:self.USI: 70ed
2024-02-06 00:36:21,816:INFO:self._variable_keys: {'n_jobs_param', 'log_plots_param', 'html_param', 'X', 'exp_id', '_ml_usecase', 'logging_param', 'memory', 'seed', 'exp_name_log', 'data', 'USI', 'gpu_n_jobs_param', 'pipeline', '_available_plots', 'idx', 'gpu_param'}
2024-02-06 00:36:21,816:INFO:Checking environment
2024-02-06 00:36:21,817:INFO:python_version: 3.11.5
2024-02-06 00:36:21,817:INFO:python_build: ('main', 'Sep 11 2023 13:26:23')
2024-02-06 00:36:21,817:INFO:machine: AMD64
2024-02-06 00:36:21,817:INFO:platform: Windows-10-10.0.19045-SP0
2024-02-06 00:36:21,817:INFO:Memory: svmem(total=17048457216, available=6166474752, percent=63.8, used=10881982464, free=6166474752)
2024-02-06 00:36:21,817:INFO:Physical Core: 2
2024-02-06 00:36:21,817:INFO:Logical Core: 4
2024-02-06 00:36:21,818:INFO:Checking libraries
2024-02-06 00:36:21,818:INFO:System:
2024-02-06 00:36:21,818:INFO:    python: 3.11.5 | packaged by Anaconda, Inc. | (main, Sep 11 2023, 13:26:23) [MSC v.1916 64 bit (AMD64)]
2024-02-06 00:36:21,818:INFO:executable: c:\Users\ACER\anaconda3\python.exe
2024-02-06 00:36:21,818:INFO:   machine: Windows-10-10.0.19045-SP0
2024-02-06 00:36:21,818:INFO:PyCaret required dependencies:
2024-02-06 00:36:29,430:INFO:                 pip: 23.2.1
2024-02-06 00:36:29,431:INFO:          setuptools: 68.0.0
2024-02-06 00:36:29,431:INFO:             pycaret: 3.2.0
2024-02-06 00:36:29,431:INFO:             IPython: 8.15.0
2024-02-06 00:36:29,431:INFO:          ipywidgets: 8.0.4
2024-02-06 00:36:29,431:INFO:                tqdm: 4.65.0
2024-02-06 00:36:29,431:INFO:               numpy: 1.24.3
2024-02-06 00:36:29,431:INFO:              pandas: 1.5.3
2024-02-06 00:36:29,431:INFO:              jinja2: 3.1.2
2024-02-06 00:36:29,431:INFO:               scipy: 1.11.1
2024-02-06 00:36:29,431:INFO:              joblib: 1.2.0
2024-02-06 00:36:29,452:INFO:             sklearn: 1.2.2
2024-02-06 00:36:29,452:INFO:                pyod: 1.1.2
2024-02-06 00:36:29,452:INFO:            imblearn: 0.10.1
2024-02-06 00:36:29,452:INFO:   category_encoders: 2.6.3
2024-02-06 00:36:29,453:INFO:            lightgbm: 4.3.0
2024-02-06 00:36:29,453:INFO:               numba: 0.57.1
2024-02-06 00:36:29,453:INFO:            requests: 2.31.0
2024-02-06 00:36:29,453:INFO:          matplotlib: 3.6.0
2024-02-06 00:36:29,453:INFO:          scikitplot: 0.3.7
2024-02-06 00:36:29,453:INFO:         yellowbrick: 1.5
2024-02-06 00:36:29,453:INFO:              plotly: 5.9.0
2024-02-06 00:36:29,453:INFO:    plotly-resampler: Not installed
2024-02-06 00:36:29,453:INFO:             kaleido: 0.2.1
2024-02-06 00:36:29,453:INFO:           schemdraw: 0.15
2024-02-06 00:36:29,453:INFO:         statsmodels: 0.14.0
2024-02-06 00:36:29,454:INFO:              sktime: 0.21.1
2024-02-06 00:36:29,454:INFO:               tbats: 1.1.3
2024-02-06 00:36:29,454:INFO:            pmdarima: 2.0.4
2024-02-06 00:36:29,454:INFO:              psutil: 5.9.0
2024-02-06 00:36:29,454:INFO:          markupsafe: 2.1.1
2024-02-06 00:36:29,455:INFO:             pickle5: Not installed
2024-02-06 00:36:29,455:INFO:         cloudpickle: 2.2.1
2024-02-06 00:36:29,455:INFO:         deprecation: 2.1.0
2024-02-06 00:36:29,455:INFO:              xxhash: 2.0.2
2024-02-06 00:36:29,455:INFO:           wurlitzer: Not installed
2024-02-06 00:36:29,455:INFO:PyCaret optional dependencies:
2024-02-06 00:36:29,522:INFO:                shap: Not installed
2024-02-06 00:36:29,522:INFO:           interpret: Not installed
2024-02-06 00:36:29,522:INFO:                umap: Not installed
2024-02-06 00:36:29,523:INFO:     ydata_profiling: Not installed
2024-02-06 00:36:29,523:INFO:  explainerdashboard: Not installed
2024-02-06 00:36:29,523:INFO:             autoviz: Not installed
2024-02-06 00:36:29,523:INFO:           fairlearn: Not installed
2024-02-06 00:36:29,523:INFO:          deepchecks: Not installed
2024-02-06 00:36:29,523:INFO:             xgboost: Not installed
2024-02-06 00:36:29,523:INFO:            catboost: Not installed
2024-02-06 00:36:29,523:INFO:              kmodes: Not installed
2024-02-06 00:36:29,524:INFO:             mlxtend: Not installed
2024-02-06 00:36:29,524:INFO:       statsforecast: Not installed
2024-02-06 00:36:29,524:INFO:        tune_sklearn: Not installed
2024-02-06 00:36:29,524:INFO:                 ray: Not installed
2024-02-06 00:36:29,524:INFO:            hyperopt: Not installed
2024-02-06 00:36:29,524:INFO:              optuna: Not installed
2024-02-06 00:36:29,525:INFO:               skopt: Not installed
2024-02-06 00:36:29,525:INFO:              mlflow: Not installed
2024-02-06 00:36:29,525:INFO:              gradio: Not installed
2024-02-06 00:36:29,525:INFO:             fastapi: Not installed
2024-02-06 00:36:29,525:INFO:             uvicorn: Not installed
2024-02-06 00:36:29,526:INFO:              m2cgen: Not installed
2024-02-06 00:36:29,526:INFO:           evidently: Not installed
2024-02-06 00:36:29,526:INFO:               fugue: Not installed
2024-02-06 00:36:29,526:INFO:           streamlit: Not installed
2024-02-06 00:36:29,527:INFO:             prophet: Not installed
2024-02-06 00:36:29,527:INFO:None
2024-02-06 00:36:29,527:INFO:Set up data.
2024-02-06 00:36:29,540:INFO:Set up index.
2024-02-06 00:36:29,541:INFO:Assigning column types.
2024-02-06 00:36:29,550:INFO:Engine successfully changes for model 'kmeans' to 'sklearn'.
2024-02-06 00:36:29,551:INFO:Engine for model 'dbscan' has not been set explicitly, hence returning None.
2024-02-06 00:36:29,551:WARNING:
'kmodes' is a soft dependency and not included in the pycaret installation. Please run: `pip install kmodes` to install.
Alternately, you can install this by running `pip install pycaret[models]`
2024-02-06 00:36:29,551:INFO:Engine for model 'dbscan' has not been set explicitly, hence returning None.
2024-02-06 00:36:29,552:WARNING:
'kmodes' is a soft dependency and not included in the pycaret installation. Please run: `pip install kmodes` to install.
Alternately, you can install this by running `pip install pycaret[models]`
2024-02-06 00:36:29,552:INFO:Engine successfully changes for model 'dbscan' to 'sklearn'.
2024-02-06 00:36:29,554:WARNING:
'kmodes' is a soft dependency and not included in the pycaret installation. Please run: `pip install kmodes` to install.
Alternately, you can install this by running `pip install pycaret[models]`
2024-02-06 00:36:29,555:WARNING:
'kmodes' is a soft dependency and not included in the pycaret installation. Please run: `pip install kmodes` to install.
Alternately, you can install this by running `pip install pycaret[models]`
2024-02-06 00:36:29,563:INFO:Preparing preprocessing pipeline...
2024-02-06 00:36:29,564:INFO:Set up simple imputation.
2024-02-06 00:36:29,564:INFO:Set up feature normalization.
2024-02-06 00:36:29,630:INFO:Finished creating preprocessing pipeline.
2024-02-06 00:36:29,653:INFO:Pipeline: Pipeline(memory=FastMemory(location=C:\Users\ACER\AppData\Local\Temp\joblib),
         steps=[('numerical_imputer',
                 TransformerWrapper(include=['Age', 'Annual Income (k$)',
                                             'Spending Score (1-100)'],
                                    transformer=SimpleImputer())),
                ('categorical_imputer',
                 TransformerWrapper(include=[],
                                    transformer=SimpleImputer(strategy='most_frequent'))),
                ('normalize',
                 TransformerWrapper(transformer=StandardScaler()))])
2024-02-06 00:36:29,657:INFO:Creating final display dataframe.
2024-02-06 00:36:29,719:INFO:Setup _display_container:                Description                 Value
0               Session id                   123
1      Original data shape              (200, 3)
2   Transformed data shape              (200, 3)
3         Numeric features                     3
4               Preprocess                  True
5          Imputation type                simple
6       Numeric imputation                  mean
7   Categorical imputation                  mode
8                Normalize                  True
9         Normalize method                zscore
10                CPU Jobs                    -1
11                 Use GPU                 False
12          Log Experiment                 False
13         Experiment Name  cluster-default-name
14                     USI                  70ed
2024-02-06 00:36:29,741:WARNING:
'kmodes' is a soft dependency and not included in the pycaret installation. Please run: `pip install kmodes` to install.
Alternately, you can install this by running `pip install pycaret[models]`
2024-02-06 00:36:29,742:WARNING:
'kmodes' is a soft dependency and not included in the pycaret installation. Please run: `pip install kmodes` to install.
Alternately, you can install this by running `pip install pycaret[models]`
2024-02-06 00:36:29,742:INFO:setup() successfully completed in 7.98s...............
2024-02-06 00:36:29,795:INFO:Initializing get_config()
2024-02-06 00:36:29,795:INFO:get_config(self=<pycaret.clustering.oop.ClusteringExperiment object at 0x000001DAAB98BED0>, variable=None)
2024-02-06 00:36:31,371:INFO:Initializing get_config()
2024-02-06 00:36:31,371:INFO:get_config(self=<pycaret.clustering.oop.ClusteringExperiment object at 0x000001DAAB98BED0>, variable=X_train)
2024-02-06 00:36:31,372:INFO:Variable: 'X_train' used to return the transformed values in PyCaret 2.x. From PyCaret 3.x, this will return the raw values. If you need the transformed values, call get_config with 'X_train_transformed' instead.
2024-02-06 00:36:31,373:WARNING:c:\Users\ACER\anaconda3\Lib\site-packages\pycaret\internal\pycaret_experiment\pycaret_experiment.py:321: UserWarning: Variable: 'X_train' used to return the transformed values in PyCaret 2.x. From PyCaret 3.x, this will return the raw values. If you need the transformed values, call get_config with 'X_train_transformed' instead.
  warnings.warn(msg)  # print on screen

2024-02-06 00:36:31,381:INFO:Variable:  returned as      Age  Annual Income (k$)  Spending Score (1-100)
0     19                  15                      39
1     21                  15                      81
2     20                  16                       6
3     23                  16                      77
4     31                  17                      40
..   ...                 ...                     ...
195   35                 120                      79
196   45                 126                      28
197   32                 126                      74
198   32                 137                      18
199   30                 137                      83

[200 rows x 3 columns]
2024-02-06 00:36:31,381:INFO:get_config() successfully completed......................................
2024-02-06 00:36:31,641:INFO:Initializing get_config()
2024-02-06 00:36:31,641:INFO:get_config(self=<pycaret.clustering.oop.ClusteringExperiment object at 0x000001DAAB98BED0>, variable=X_transformed)
2024-02-06 00:36:31,689:INFO:Variable: X returned as           Age  Annual Income (k$)  Spending Score (1-100)
0   -1.424569           -1.738999               -0.434801
1   -1.281035           -1.738999                1.195704
2   -1.352802           -1.700830               -1.715913
3   -1.137502           -1.700830                1.040418
4   -0.563369           -1.662660               -0.395980
..        ...                 ...                     ...
195 -0.276302            2.268791                1.118061
196  0.441365            2.497807               -0.861839
197 -0.491602            2.497807                0.923953
198 -0.491602            2.917671               -1.250054
199 -0.635135            2.917671                1.273347

[200 rows x 3 columns]
2024-02-06 00:36:31,689:INFO:get_config() successfully completed......................................
2024-02-06 00:36:31,910:INFO:gpu_param set to False
2024-02-06 00:36:31,912:WARNING:
'kmodes' is a soft dependency and not included in the pycaret installation. Please run: `pip install kmodes` to install.
Alternately, you can install this by running `pip install pycaret[models]`
2024-02-06 00:36:31,913:WARNING:
'kmodes' is a soft dependency and not included in the pycaret installation. Please run: `pip install kmodes` to install.
Alternately, you can install this by running `pip install pycaret[models]`
2024-02-06 00:36:32,157:INFO:Initializing create_model()
2024-02-06 00:36:32,157:INFO:create_model(self=<pycaret.clustering.oop.ClusteringExperiment object at 0x000001DAAB98BED0>, estimator=kmeans, num_clusters=6, fraction=0.05, ground_truth=None, round=4, fit_kwargs=None, experiment_custom_tags=None, verbose=True, system=True, add_to_model_list=True, raise_num_clusters=False, display=None, kwargs={})
2024-02-06 00:36:32,157:INFO:Checking exceptions
2024-02-06 00:36:32,344:INFO:Importing untrained model
2024-02-06 00:36:32,354:INFO:K-Means Clustering Imported successfully
2024-02-06 00:36:32,366:INFO:Fitting Model
2024-02-06 00:36:32,483:WARNING:c:\Users\ACER\anaconda3\Lib\site-packages\sklearn\cluster\_kmeans.py:870: FutureWarning: The default value of `n_init` will change from 10 to 'auto' in 1.4. Set the value of `n_init` explicitly to suppress the warning
  warnings.warn(

2024-02-06 00:36:33,214:WARNING:c:\Users\ACER\anaconda3\Lib\site-packages\sklearn\cluster\_kmeans.py:1382: UserWarning: KMeans is known to have a memory leak on Windows with MKL, when there are less chunks than available threads. You can avoid it by setting the environment variable OMP_NUM_THREADS=1.
  warnings.warn(

2024-02-06 00:36:34,802:INFO:KMeans(n_clusters=6, random_state=123)
2024-02-06 00:36:34,803:INFO:create_models() successfully completed......................................
2024-02-06 00:36:34,810:INFO:Uploading results into container
2024-02-06 00:36:34,819:INFO:Uploading model into container now
2024-02-06 00:36:34,834:INFO:_master_model_container: 1
2024-02-06 00:36:34,835:INFO:_display_container: 2
2024-02-06 00:36:34,836:INFO:KMeans(n_clusters=6, random_state=123)
2024-02-06 00:36:34,836:INFO:create_model() successfully completed......................................
2024-02-06 00:36:35,702:INFO:Initializing assign_model()
2024-02-06 00:36:35,702:INFO:assign_model(self=<pycaret.clustering.oop.ClusteringExperiment object at 0x000001DAAB98BED0>, model=KMeans(n_clusters=6, random_state=123), transformation=False, score=True, verbose=True)
2024-02-06 00:36:35,703:INFO:Checking exceptions
2024-02-06 00:36:35,703:INFO:Determining Trained Model
2024-02-06 00:36:35,703:INFO:Trained Model : K-Means Clustering
2024-02-06 00:36:35,703:INFO:Copying data
2024-02-06 00:36:35,706:INFO:(200, 4)
2024-02-06 00:36:35,706:INFO:assign_model() successfully completed......................................
2024-02-06 00:36:35,997:INFO:Initializing plot_model()
2024-02-06 00:36:35,997:INFO:plot_model(self=<pycaret.clustering.oop.ClusteringExperiment object at 0x000001DAAB98BED0>, estimator=KMeans(n_clusters=6, random_state=123), plot=cluster, scale=1, save=False, fold=None, fit_kwargs=None, plot_kwargs=None, groups=None, feature_name=None, label=False, verbose=True, system=True, display=None, display_format=None)
2024-02-06 00:36:35,998:INFO:Checking exceptions
2024-02-06 00:36:36,003:INFO:Preloading libraries
2024-02-06 00:36:36,004:INFO:Copying training dataset
2024-02-06 00:36:36,004:INFO:Plot type: cluster
2024-02-06 00:36:36,006:INFO:SubProcess assign_model() called ==================================
2024-02-06 00:36:36,006:INFO:Initializing assign_model()
2024-02-06 00:36:36,007:INFO:assign_model(self=<pycaret.clustering.oop.ClusteringExperiment object at 0x000001DAAB98BED0>, model=KMeans(n_clusters=6, random_state=123), transformation=True, score=True, verbose=False)
2024-02-06 00:36:36,007:INFO:Checking exceptions
2024-02-06 00:36:36,007:INFO:Determining Trained Model
2024-02-06 00:36:36,007:INFO:Trained Model : K-Means Clustering
2024-02-06 00:36:36,007:INFO:Copying data
2024-02-06 00:36:36,070:INFO:Transformation parameter set to True. Assigned clusters are attached on transformed dataset.
2024-02-06 00:36:36,071:INFO:(200, 4)
2024-02-06 00:36:36,071:INFO:assign_model() successfully completed......................................
2024-02-06 00:36:36,072:INFO:SubProcess assign_model() end ==================================
2024-02-06 00:36:36,077:INFO:Fitting PCA()
2024-02-06 00:36:36,084:INFO:Sorting dataframe
2024-02-06 00:36:36,087:INFO:Rendering Visual
2024-02-06 00:37:07,906:INFO:Visual Rendered Successfully
2024-02-06 00:37:08,229:INFO:plot_model() successfully completed......................................
2024-02-06 00:37:08,359:INFO:Initializing plot_model()
2024-02-06 00:37:08,359:INFO:plot_model(self=<pycaret.clustering.oop.ClusteringExperiment object at 0x000001DAAB98BED0>, estimator=KMeans(n_clusters=6, random_state=123), plot=elbow, scale=1, save=False, fold=None, fit_kwargs=None, plot_kwargs=None, groups=None, feature_name=None, label=False, verbose=True, system=True, display=None, display_format=None)
2024-02-06 00:37:08,360:INFO:Checking exceptions
2024-02-06 00:37:08,370:INFO:Preloading libraries
2024-02-06 00:37:08,371:INFO:Copying training dataset
2024-02-06 00:37:08,372:INFO:Plot type: elbow
2024-02-06 00:37:09,061:INFO:Fitting Model
2024-02-06 00:37:09,070:WARNING:c:\Users\ACER\anaconda3\Lib\site-packages\sklearn\cluster\_kmeans.py:870: FutureWarning:

The default value of `n_init` will change from 10 to 'auto' in 1.4. Set the value of `n_init` explicitly to suppress the warning


2024-02-06 00:37:09,328:WARNING:c:\Users\ACER\anaconda3\Lib\site-packages\sklearn\cluster\_kmeans.py:1382: UserWarning:

KMeans is known to have a memory leak on Windows with MKL, when there are less chunks than available threads. You can avoid it by setting the environment variable OMP_NUM_THREADS=1.


2024-02-06 00:37:11,442:WARNING:c:\Users\ACER\anaconda3\Lib\site-packages\sklearn\cluster\_kmeans.py:870: FutureWarning:

The default value of `n_init` will change from 10 to 'auto' in 1.4. Set the value of `n_init` explicitly to suppress the warning


2024-02-06 00:37:11,652:WARNING:c:\Users\ACER\anaconda3\Lib\site-packages\sklearn\cluster\_kmeans.py:1382: UserWarning:

KMeans is known to have a memory leak on Windows with MKL, when there are less chunks than available threads. You can avoid it by setting the environment variable OMP_NUM_THREADS=1.


2024-02-06 00:37:13,561:WARNING:c:\Users\ACER\anaconda3\Lib\site-packages\sklearn\cluster\_kmeans.py:870: FutureWarning:

The default value of `n_init` will change from 10 to 'auto' in 1.4. Set the value of `n_init` explicitly to suppress the warning


2024-02-06 00:37:13,737:WARNING:c:\Users\ACER\anaconda3\Lib\site-packages\sklearn\cluster\_kmeans.py:1382: UserWarning:

KMeans is known to have a memory leak on Windows with MKL, when there are less chunks than available threads. You can avoid it by setting the environment variable OMP_NUM_THREADS=1.


2024-02-06 00:37:15,308:WARNING:c:\Users\ACER\anaconda3\Lib\site-packages\sklearn\cluster\_kmeans.py:870: FutureWarning:

The default value of `n_init` will change from 10 to 'auto' in 1.4. Set the value of `n_init` explicitly to suppress the warning


2024-02-06 00:37:15,441:WARNING:c:\Users\ACER\anaconda3\Lib\site-packages\sklearn\cluster\_kmeans.py:1382: UserWarning:

KMeans is known to have a memory leak on Windows with MKL, when there are less chunks than available threads. You can avoid it by setting the environment variable OMP_NUM_THREADS=1.


2024-02-06 00:37:16,851:WARNING:c:\Users\ACER\anaconda3\Lib\site-packages\sklearn\cluster\_kmeans.py:870: FutureWarning:

The default value of `n_init` will change from 10 to 'auto' in 1.4. Set the value of `n_init` explicitly to suppress the warning


2024-02-06 00:37:16,984:WARNING:c:\Users\ACER\anaconda3\Lib\site-packages\sklearn\cluster\_kmeans.py:1382: UserWarning:

KMeans is known to have a memory leak on Windows with MKL, when there are less chunks than available threads. You can avoid it by setting the environment variable OMP_NUM_THREADS=1.


2024-02-06 00:37:19,689:WARNING:c:\Users\ACER\anaconda3\Lib\site-packages\sklearn\cluster\_kmeans.py:870: FutureWarning:

The default value of `n_init` will change from 10 to 'auto' in 1.4. Set the value of `n_init` explicitly to suppress the warning


2024-02-06 00:37:19,916:WARNING:c:\Users\ACER\anaconda3\Lib\site-packages\sklearn\cluster\_kmeans.py:1382: UserWarning:

KMeans is known to have a memory leak on Windows with MKL, when there are less chunks than available threads. You can avoid it by setting the environment variable OMP_NUM_THREADS=1.


2024-02-06 00:37:22,153:WARNING:c:\Users\ACER\anaconda3\Lib\site-packages\sklearn\cluster\_kmeans.py:870: FutureWarning:

The default value of `n_init` will change from 10 to 'auto' in 1.4. Set the value of `n_init` explicitly to suppress the warning


2024-02-06 00:37:22,373:WARNING:c:\Users\ACER\anaconda3\Lib\site-packages\sklearn\cluster\_kmeans.py:1382: UserWarning:

KMeans is known to have a memory leak on Windows with MKL, when there are less chunks than available threads. You can avoid it by setting the environment variable OMP_NUM_THREADS=1.


2024-02-06 00:37:24,107:WARNING:c:\Users\ACER\anaconda3\Lib\site-packages\sklearn\cluster\_kmeans.py:870: FutureWarning:

The default value of `n_init` will change from 10 to 'auto' in 1.4. Set the value of `n_init` explicitly to suppress the warning


2024-02-06 00:37:24,268:WARNING:c:\Users\ACER\anaconda3\Lib\site-packages\sklearn\cluster\_kmeans.py:1382: UserWarning:

KMeans is known to have a memory leak on Windows with MKL, when there are less chunks than available threads. You can avoid it by setting the environment variable OMP_NUM_THREADS=1.


2024-02-06 00:37:25,701:WARNING:c:\Users\ACER\anaconda3\Lib\site-packages\sklearn\cluster\_kmeans.py:870: FutureWarning:

The default value of `n_init` will change from 10 to 'auto' in 1.4. Set the value of `n_init` explicitly to suppress the warning


2024-02-06 00:37:25,841:WARNING:c:\Users\ACER\anaconda3\Lib\site-packages\sklearn\cluster\_kmeans.py:1382: UserWarning:

KMeans is known to have a memory leak on Windows with MKL, when there are less chunks than available threads. You can avoid it by setting the environment variable OMP_NUM_THREADS=1.


2024-02-06 00:37:29,818:INFO:Visual Rendered Successfully
2024-02-06 00:37:30,151:INFO:plot_model() successfully completed......................................
2024-02-06 00:37:30,286:INFO:Initializing plot_model()
2024-02-06 00:37:30,287:INFO:plot_model(self=<pycaret.clustering.oop.ClusteringExperiment object at 0x000001DAAB98BED0>, estimator=KMeans(n_clusters=6, random_state=123), plot=silhouette, scale=1, save=False, fold=None, fit_kwargs=None, plot_kwargs=None, groups=None, feature_name=None, label=False, verbose=True, system=True, display=None, display_format=None)
2024-02-06 00:37:30,287:INFO:Checking exceptions
2024-02-06 00:37:30,298:INFO:Preloading libraries
2024-02-06 00:37:30,299:INFO:Copying training dataset
2024-02-06 00:37:30,299:INFO:Plot type: silhouette
2024-02-06 00:37:30,379:INFO:Fitting Model
2024-02-06 00:37:30,379:WARNING:c:\Users\ACER\anaconda3\Lib\site-packages\sklearn\base.py:439: UserWarning:

X does not have valid feature names, but KMeans was fitted with feature names


2024-02-06 00:37:32,104:INFO:Visual Rendered Successfully
2024-02-06 00:37:32,538:INFO:plot_model() successfully completed......................................
2024-02-06 00:37:32,672:INFO:Initializing plot_model()
2024-02-06 00:37:32,674:INFO:plot_model(self=<pycaret.clustering.oop.ClusteringExperiment object at 0x000001DAAB98BED0>, estimator=KMeans(n_clusters=6, random_state=123), plot=distribution, scale=1, save=False, fold=None, fit_kwargs=None, plot_kwargs=None, groups=None, feature_name=None, label=False, verbose=True, system=True, display=None, display_format=None)
2024-02-06 00:37:32,674:INFO:Checking exceptions
2024-02-06 00:37:32,684:INFO:Preloading libraries
2024-02-06 00:37:32,685:INFO:Copying training dataset
2024-02-06 00:37:32,685:INFO:Plot type: distribution
2024-02-06 00:37:32,686:INFO:SubProcess assign_model() called ==================================
2024-02-06 00:37:32,687:INFO:Initializing assign_model()
2024-02-06 00:37:32,687:INFO:assign_model(self=<pycaret.clustering.oop.ClusteringExperiment object at 0x000001DAAB98BED0>, model=KMeans(n_clusters=6, random_state=123), transformation=False, score=True, verbose=False)
2024-02-06 00:37:32,687:INFO:Checking exceptions
2024-02-06 00:37:32,687:INFO:Determining Trained Model
2024-02-06 00:37:32,687:INFO:Trained Model : K-Means Clustering
2024-02-06 00:37:32,687:INFO:Copying data
2024-02-06 00:37:32,694:INFO:(200, 4)
2024-02-06 00:37:32,694:INFO:assign_model() successfully completed......................................
2024-02-06 00:37:32,695:INFO:SubProcess assign_model() end ==================================
2024-02-06 00:37:32,695:INFO:Sorting dataframe
2024-02-06 00:37:32,701:INFO:Rendering Visual
2024-02-06 00:37:37,821:INFO:Visual Rendered Successfully
2024-02-06 00:37:38,146:INFO:plot_model() successfully completed......................................
2024-02-06 00:37:38,267:INFO:Initializing evaluate_model()
2024-02-06 00:37:38,267:INFO:evaluate_model(self=<pycaret.clustering.oop.ClusteringExperiment object at 0x000001DAAB98BED0>, estimator=KMeans(n_clusters=6, random_state=123), fold=None, fit_kwargs=None, plot_kwargs=None, feature_name=None, groups=None)
2024-02-06 00:37:38,431:INFO:Initializing plot_model()
2024-02-06 00:37:38,431:INFO:plot_model(self=<pycaret.clustering.oop.ClusteringExperiment object at 0x000001DAAB98BED0>, estimator=KMeans(n_clusters=6, random_state=123), plot=pipeline, scale=1, save=False, fold=None, fit_kwargs={}, plot_kwargs=None, groups=None, feature_name=None, label=False, verbose=False, system=True, display=None, display_format=None)
2024-02-06 00:37:38,432:INFO:Checking exceptions
2024-02-06 00:37:38,444:INFO:Preloading libraries
2024-02-06 00:37:38,445:INFO:Copying training dataset
2024-02-06 00:37:38,445:INFO:Plot type: pipeline
2024-02-06 00:37:39,533:INFO:Visual Rendered Successfully
2024-02-06 00:37:39,915:INFO:plot_model() successfully completed......................................
2024-02-06 00:37:40,091:INFO:Initializing predict_model()
2024-02-06 00:37:40,092:INFO:predict_model(self=<pycaret.clustering.oop.ClusteringExperiment object at 0x000001DAAB98BED0>, estimator=KMeans(n_clusters=6, random_state=123), ml_usecase=None)
2024-02-06 00:37:42,258:INFO:Initializing save_model()
2024-02-06 00:37:42,259:INFO:save_model(model=KMeans(n_clusters=6, random_state=123), model_name=kmeans_pipeline, prep_pipe_=Pipeline(memory=FastMemory(location=C:\Users\ACER\AppData\Local\Temp\joblib),
         steps=[('numerical_imputer',
                 TransformerWrapper(include=['Age', 'Annual Income (k$)',
                                             'Spending Score (1-100)'],
                                    transformer=SimpleImputer())),
                ('categorical_imputer',
                 TransformerWrapper(include=[],
                                    transformer=SimpleImputer(strategy='most_frequent'))),
                ('normalize',
                 TransformerWrapper(transformer=StandardScaler()))]), verbose=True, use_case=MLUsecase.CLUSTERING, kwargs={})
2024-02-06 00:37:42,260:INFO:Adding model into prep_pipe
2024-02-06 00:37:42,282:INFO:kmeans_pipeline.pkl saved in current working directory
2024-02-06 00:37:42,313:INFO:Pipeline(memory=Memory(location=None),
         steps=[('numerical_imputer',
                 TransformerWrapper(include=['Age', 'Annual Income (k$)',
                                             'Spending Score (1-100)'],
                                    transformer=SimpleImputer())),
                ('categorical_imputer',
                 TransformerWrapper(include=[],
                                    transformer=SimpleImputer(strategy='most_frequent'))),
                ('normalize', TransformerWrapper(transformer=StandardScaler())),
                ('trained_model', KMeans(n_clusters=6, random_state=123))])
2024-02-06 00:37:42,313:INFO:save_model() successfully completed......................................
2024-02-06 00:37:43,234:INFO:Initializing load_model()
2024-02-06 00:37:43,235:INFO:load_model(model_name=kmeans_pipeline, platform=None, authentication=None, verbose=True)
2024-02-06 00:37:43,635:INFO:Initializing create_model()
2024-02-06 00:37:43,636:INFO:create_model(self=<pycaret.clustering.oop.ClusteringExperiment object at 0x000001DAAB98BED0>, estimator=hclust, num_clusters=4, fraction=0.05, ground_truth=None, round=4, fit_kwargs=None, experiment_custom_tags=None, verbose=True, system=True, add_to_model_list=True, raise_num_clusters=False, display=None, kwargs={})
2024-02-06 00:37:43,637:INFO:Checking exceptions
2024-02-06 00:37:43,810:INFO:Importing untrained model
2024-02-06 00:37:43,840:INFO:Agglomerative Clustering Imported successfully
2024-02-06 00:37:43,857:INFO:Fitting Model
2024-02-06 00:37:44,100:INFO:AgglomerativeClustering(n_clusters=4)
2024-02-06 00:37:44,100:INFO:create_models() successfully completed......................................
2024-02-06 00:37:44,116:INFO:Uploading results into container
2024-02-06 00:37:44,175:INFO:Uploading model into container now
2024-02-06 00:37:44,193:INFO:_master_model_container: 2
2024-02-06 00:37:44,194:INFO:_display_container: 3
2024-02-06 00:37:44,195:INFO:AgglomerativeClustering(n_clusters=4)
2024-02-06 00:37:44,195:INFO:create_model() successfully completed......................................
2024-02-06 00:37:45,012:INFO:Initializing assign_model()
2024-02-06 00:37:45,012:INFO:assign_model(self=<pycaret.clustering.oop.ClusteringExperiment object at 0x000001DAAB98BED0>, model=AgglomerativeClustering(n_clusters=4), transformation=False, score=True, verbose=True)
2024-02-06 00:37:45,013:INFO:Checking exceptions
2024-02-06 00:37:45,013:INFO:Determining Trained Model
2024-02-06 00:37:45,013:INFO:Trained Model : Agglomerative Clustering
2024-02-06 00:37:45,013:INFO:Copying data
2024-02-06 00:37:45,016:INFO:(200, 4)
2024-02-06 00:37:45,017:INFO:assign_model() successfully completed......................................
2024-02-06 00:37:45,270:INFO:Initializing plot_model()
2024-02-06 00:37:45,271:INFO:plot_model(self=<pycaret.clustering.oop.ClusteringExperiment object at 0x000001DAAB98BED0>, estimator=AgglomerativeClustering(n_clusters=4), plot=cluster, scale=1, save=False, fold=None, fit_kwargs=None, plot_kwargs=None, groups=None, feature_name=None, label=False, verbose=True, system=True, display=None, display_format=None)
2024-02-06 00:37:45,271:INFO:Checking exceptions
2024-02-06 00:37:45,277:INFO:Preloading libraries
2024-02-06 00:37:45,277:INFO:Copying training dataset
2024-02-06 00:37:45,278:INFO:Plot type: cluster
2024-02-06 00:37:45,279:INFO:SubProcess assign_model() called ==================================
2024-02-06 00:37:45,280:INFO:Initializing assign_model()
2024-02-06 00:37:45,280:INFO:assign_model(self=<pycaret.clustering.oop.ClusteringExperiment object at 0x000001DAAB98BED0>, model=AgglomerativeClustering(n_clusters=4), transformation=True, score=True, verbose=False)
2024-02-06 00:37:45,280:INFO:Checking exceptions
2024-02-06 00:37:45,281:INFO:Determining Trained Model
2024-02-06 00:37:45,281:INFO:Trained Model : Agglomerative Clustering
2024-02-06 00:37:45,281:INFO:Copying data
2024-02-06 00:37:45,297:INFO:Transformation parameter set to True. Assigned clusters are attached on transformed dataset.
2024-02-06 00:37:45,299:INFO:(200, 4)
2024-02-06 00:37:45,299:INFO:assign_model() successfully completed......................................
2024-02-06 00:37:45,300:INFO:SubProcess assign_model() end ==================================
2024-02-06 00:37:45,307:INFO:Fitting PCA()
2024-02-06 00:37:45,315:INFO:Sorting dataframe
2024-02-06 00:37:45,318:INFO:Rendering Visual
2024-02-06 00:37:45,748:INFO:Visual Rendered Successfully
2024-02-06 00:37:46,061:INFO:plot_model() successfully completed......................................
2024-02-06 00:37:46,148:INFO:Initializing plot_model()
2024-02-06 00:37:46,148:INFO:plot_model(self=<pycaret.clustering.oop.ClusteringExperiment object at 0x000001DAAB98BED0>, estimator=AgglomerativeClustering(n_clusters=4), plot=elbow, scale=1, save=False, fold=None, fit_kwargs=None, plot_kwargs=None, groups=None, feature_name=None, label=False, verbose=True, system=True, display=None, display_format=None)
2024-02-06 00:37:46,149:INFO:Checking exceptions
2024-02-06 00:37:46,155:INFO:Preloading libraries
2024-02-06 00:37:46,155:INFO:Copying training dataset
2024-02-06 00:37:46,156:INFO:Plot type: elbow
2024-02-06 00:37:46,174:INFO:Fitting Model
2024-02-06 00:37:47,128:INFO:Visual Rendered Successfully
2024-02-06 00:37:47,294:INFO:plot_model() successfully completed......................................
2024-02-06 00:37:47,361:INFO:Initializing plot_model()
2024-02-06 00:37:47,361:INFO:plot_model(self=<pycaret.clustering.oop.ClusteringExperiment object at 0x000001DAAB98BED0>, estimator=AgglomerativeClustering(n_clusters=4), plot=distribution, scale=1, save=False, fold=None, fit_kwargs=None, plot_kwargs=None, groups=None, feature_name=None, label=False, verbose=True, system=True, display=None, display_format=None)
2024-02-06 00:37:47,362:INFO:Checking exceptions
2024-02-06 00:37:47,367:INFO:Preloading libraries
2024-02-06 00:37:47,368:INFO:Copying training dataset
2024-02-06 00:37:47,368:INFO:Plot type: distribution
2024-02-06 00:37:47,370:INFO:SubProcess assign_model() called ==================================
2024-02-06 00:37:47,372:INFO:Initializing assign_model()
2024-02-06 00:37:47,372:INFO:assign_model(self=<pycaret.clustering.oop.ClusteringExperiment object at 0x000001DAAB98BED0>, model=AgglomerativeClustering(n_clusters=4), transformation=False, score=True, verbose=False)
2024-02-06 00:37:47,372:INFO:Checking exceptions
2024-02-06 00:37:47,373:INFO:Determining Trained Model
2024-02-06 00:37:47,373:INFO:Trained Model : Agglomerative Clustering
2024-02-06 00:37:47,373:INFO:Copying data
2024-02-06 00:37:47,376:INFO:(200, 4)
2024-02-06 00:37:47,376:INFO:assign_model() successfully completed......................................
2024-02-06 00:37:47,376:INFO:SubProcess assign_model() end ==================================
2024-02-06 00:37:47,376:INFO:Sorting dataframe
2024-02-06 00:37:47,381:INFO:Rendering Visual
2024-02-06 00:37:47,645:INFO:Visual Rendered Successfully
2024-02-06 00:37:47,878:INFO:plot_model() successfully completed......................................
